<?xml version="1.0" encoding="UTF-8"?>
<testsuite xmlns:xsi="http://www.w3.org/2001/XMLSchema-instance" xsi:noNamespaceSchemaLocation="https://maven.apache.org/surefire/maven-surefire-plugin/xsd/surefire-test-report.xsd" name="my.calculator.test.CalculatorTest" time="0.045" tests="3" errors="0" skipped="1" failures="0">
  <properties>
[...]
</properties>
  <testcase name="testSub" classname="my.calculator.test.CalculatorTest" time="0">
    <skipped message="void my.calculator.test.CalculatorTest.testSub() is @Disabled"/>
    <system-out><![CDATA[Creating Object 
]]></system-out>
  </testcase>
  <testcase name="testAdd" classname="my.calculator.test.CalculatorTest" time="0.015"/>
  <testcase name="testDivision" classname="my.calculator.test.CalculatorTest" time="0.002"/>
</testsuite>